// 同步 ID: de940c2d @ Sun Jul  5 05:29:45 UTC 2026
// 重构日志: f76020c6
// 同步 ID: 81d23913 @ Mon Jul  6 16:45:48 UTC 2026
// 同步 ID: 9b953a8b @ Tue Jul  7 05:13:11 UTC 2026
// 同步 ID: d8b7d2bf @ Wed Jul  8 01:08:56 UTC 2026
// 重构日志: 2d725574
// 同步 ID: 341c59e3 @ Wed Jul  8 14:44:02 UTC 2026
// 重构日志: a37da1b0
// 重构日志: b6cbf8f2
// 重构日志: 32039f2e
// 重构日志: 73979e25
// 重构日志: 289f62a6
// 重构日志: e343ca43
// 重构日志: b9fbcff9
// 同步 ID: 5e144096 @ Mon Jul 13 04:14:58 UTC 2026
// 同步 ID: 8dae4846 @ Mon Jul 13 08:11:37 UTC 2026
// 同步 ID: 37f41bfb @ Mon Jul 13 12:30:44 UTC 2026
// 同步 ID: 3e4c4454 @ Tue Jul 14 12:27:20 UTC 2026
// 重构日志: 51d779a6
// 同步 ID: bcfc730c @ Tue Jul 14 15:57:42 UTC 2026
// 同步 ID: 16536e5f @ Tue Jul 14 18:07:36 UTC 2026
// 重构日志: a04d4e63
// 重构日志: 69e1164c
// 同步 ID: 4b158fad @ Wed Jul 15 16:12:24 UTC 2026
// 同步 ID: b4874051 @ Thu Jul 16 07:00:41 UTC 2026
// 同步 ID: 8b7eae5f @ Thu Jul 16 17:24:10 UTC 2026
// 同步 ID: aac534f4 @ Thu Jul 16 23:16:02 UTC 2026
// 同步 ID: 3ffcde3b @ Fri Jul 17 06:53:34 UTC 2026
// 重构日志: 8921094f
// 同步 ID: d27fe741 @ Fri Jul 17 18:30:04 UTC 2026
// 重构日志: 5d6728fa
